<?xml version="1.0" encoding="UTF-8" ?>
<testsuite errors="0" failures="0" hostname="Daegeonui-MacBook-Pro.local" name="Question.chess.AllTests" skipped="0" tests="2" time="0.052" timestamp="2016-07-22T16:39:22">
  <properties>
[...]
</properties>
  <testcase classname="Question.chess.BoardTest" name="testCreate" time="0.001" />
  <testcase classname="Question.chess.CharacterTest" name="testWhitespace" time="0.002" />
  <system-out><![CDATA[
ppppppp





PPPPPPP
]]></system-out>
  <system-err><![CDATA[]]></system-err>
</testsuite>
